{'1': 0, '0': 1, '-1': 2}
1.11.0+cu113
Device: [0, 1, 2]
Use subspectral norm: True
145883
--- start epoch 0 ---
Train Epoch: 0	Loss: 1.3124
Train Epoch: 0	Loss: 0.2631
Train Epoch: 0	Loss: 0.0768
Train Epoch: 0	Loss: 0.0644
Train Epoch: 0	Loss: 0.0464
Train Epoch: 0	Loss: 0.0713
Train Epoch: 0	Loss: 0.0406
Validation accuracy: 0.98957
--- start epoch 1 ---
Train Epoch: 1	Loss: 0.0337
Train Epoch: 1	Loss: 0.0196
Train Epoch: 1	Loss: 0.0813
Train Epoch: 1	Loss: 0.0368
Train Epoch: 1	Loss: 0.0441
Train Epoch: 1	Loss: 0.0083
Train Epoch: 1	Loss: 0.0349
Validation accuracy: 0.99107
--- start epoch 2 ---
Train Epoch: 2	Loss: 0.0333
Train Epoch: 2	Loss: 0.0331
Train Epoch: 2	Loss: 0.0361
Train Epoch: 2	Loss: 0.0493
Train Epoch: 2	Loss: 0.0190
Train Epoch: 2	Loss: 0.0439
Train Epoch: 2	Loss: 0.0247
Validation accuracy: 0.99647
--- start epoch 3 ---
Train Epoch: 3	Loss: 0.0993
Train Epoch: 3	Loss: 0.0388
Train Epoch: 3	Loss: 0.0133
Train Epoch: 3	Loss: 0.0585
Train Epoch: 3	Loss: 0.0331
Train Epoch: 3	Loss: 0.0288
Train Epoch: 3	Loss: 0.0488
Validation accuracy: 0.99195
--- start epoch 4 ---
Train Epoch: 4	Loss: 0.0152
Train Epoch: 4	Loss: 0.0140
Train Epoch: 4	Loss: 0.0688
Train Epoch: 4	Loss: 0.0119
Train Epoch: 4	Loss: 0.0283
Train Epoch: 4	Loss: 0.0274
Train Epoch: 4	Loss: 0.0342
Validation accuracy: 0.99634
--- start epoch 5 ---
Train Epoch: 5	Loss: 0.0265
Train Epoch: 5	Loss: 0.0113
Train Epoch: 5	Loss: 0.0284
Train Epoch: 5	Loss: 0.0428
Train Epoch: 5	Loss: 0.0287
Train Epoch: 5	Loss: 0.0344
Train Epoch: 5	Loss: 0.0051
Validation accuracy: 0.99146
--- start epoch 6 ---
Train Epoch: 6	Loss: 0.0512
Train Epoch: 6	Loss: 0.0174
Train Epoch: 6	Loss: 0.0279
Train Epoch: 6	Loss: 0.0152
Train Epoch: 6	Loss: 0.0178
Train Epoch: 6	Loss: 0.0102
Train Epoch: 6	Loss: 0.0099
Validation accuracy: 0.99411
--- start epoch 7 ---
Train Epoch: 7	Loss: 0.0267
Train Epoch: 7	Loss: 0.0168
Train Epoch: 7	Loss: 0.0557
Train Epoch: 7	Loss: 0.0521
Train Epoch: 7	Loss: 0.0623
Train Epoch: 7	Loss: 0.0309
Train Epoch: 7	Loss: 0.0126
Validation accuracy: 0.99496
--- start epoch 8 ---
Train Epoch: 8	Loss: 0.0868
Train Epoch: 8	Loss: 0.0380
Train Epoch: 8	Loss: 0.0129
Train Epoch: 8	Loss: 0.0771
Train Epoch: 8	Loss: 0.0147
Train Epoch: 8	Loss: 0.0504
Train Epoch: 8	Loss: 0.0142
Validation accuracy: 0.99520
--- start epoch 9 ---
Train Epoch: 9	Loss: 0.0174
Train Epoch: 9	Loss: 0.0286
Train Epoch: 9	Loss: 0.0235
Train Epoch: 9	Loss: 0.0248
Train Epoch: 9	Loss: 0.0343
Train Epoch: 9	Loss: 0.0088
Train Epoch: 9	Loss: 0.0744
Validation accuracy: 0.99330
--- start epoch 10 ---
Train Epoch: 10	Loss: 0.0262
Train Epoch: 10	Loss: 0.0054
Train Epoch: 10	Loss: 0.0300
Train Epoch: 10	Loss: 0.0143
Train Epoch: 10	Loss: 0.0220
Train Epoch: 10	Loss: 0.0130
Train Epoch: 10	Loss: 0.0049
Validation accuracy: 0.99504
--- start epoch 11 ---
Train Epoch: 11	Loss: 0.0139
Train Epoch: 11	Loss: 0.0279
Train Epoch: 11	Loss: 0.0086
Train Epoch: 11	Loss: 0.0427
Train Epoch: 11	Loss: 0.0235
Train Epoch: 11	Loss: 0.0326
Train Epoch: 11	Loss: 0.0523
Validation accuracy: 0.99242
--- start epoch 12 ---
Train Epoch: 12	Loss: 0.0201
Train Epoch: 12	Loss: 0.0115
Train Epoch: 12	Loss: 0.0290
Train Epoch: 12	Loss: 0.0415
Train Epoch: 12	Loss: 0.0215
Train Epoch: 12	Loss: 0.0212
Train Epoch: 12	Loss: 0.0425
Validation accuracy: 0.99071
--- start epoch 13 ---
Train Epoch: 13	Loss: 0.0197
Train Epoch: 13	Loss: 0.0153
Train Epoch: 13	Loss: 0.0362
Train Epoch: 13	Loss: 0.0200
Train Epoch: 13	Loss: 0.0375
Train Epoch: 13	Loss: 0.0441
Train Epoch: 13	Loss: 0.0111
Validation accuracy: 0.99372
--- start epoch 14 ---
Train Epoch: 14	Loss: 0.0423
Train Epoch: 14	Loss: 0.0308
Train Epoch: 14	Loss: 0.0208
Train Epoch: 14	Loss: 0.0042
Train Epoch: 14	Loss: 0.0270
Train Epoch: 14	Loss: 0.0207
Train Epoch: 14	Loss: 0.0563
Validation accuracy: 0.99084
--- start epoch 15 ---
Train Epoch: 15	Loss: 0.0817
Train Epoch: 15	Loss: 0.0931
Train Epoch: 15	Loss: 0.0150
Train Epoch: 15	Loss: 0.0167
Train Epoch: 15	Loss: 0.0211
Train Epoch: 15	Loss: 0.0066
Train Epoch: 15	Loss: 0.0453
Validation accuracy: 0.99535
--- start epoch 16 ---
Train Epoch: 16	Loss: 0.0657
Train Epoch: 16	Loss: 0.0429
Train Epoch: 16	Loss: 0.0048
Train Epoch: 16	Loss: 0.0132
Train Epoch: 16	Loss: 0.0063
Train Epoch: 16	Loss: 0.0376
Train Epoch: 16	Loss: 0.0325
Validation accuracy: 0.97919
--- start epoch 17 ---
Train Epoch: 17	Loss: 0.0419
Train Epoch: 17	Loss: 0.0545
Train Epoch: 17	Loss: 0.0396
Train Epoch: 17	Loss: 0.0305
Train Epoch: 17	Loss: 0.0557
Train Epoch: 17	Loss: 0.0211
Train Epoch: 17	Loss: 0.0079
Validation accuracy: 0.99554
--- start epoch 18 ---
Train Epoch: 18	Loss: 0.0193
Train Epoch: 18	Loss: 0.0302
Train Epoch: 18	Loss: 0.0209
Train Epoch: 18	Loss: 0.0371
Train Epoch: 18	Loss: 0.0611
Train Epoch: 18	Loss: 0.0627
Train Epoch: 18	Loss: 0.0437
Validation accuracy: 0.99110
--- start epoch 19 ---
Train Epoch: 19	Loss: 0.0178
Train Epoch: 19	Loss: 0.0679
Train Epoch: 19	Loss: 0.0086
Train Epoch: 19	Loss: 0.0629
Train Epoch: 19	Loss: 0.0467
Train Epoch: 19	Loss: 0.0149
Train Epoch: 19	Loss: 0.0171
Validation accuracy: 0.99416
--- start epoch 20 ---
Train Epoch: 20	Loss: 0.0432
Train Epoch: 20	Loss: 0.0116
Train Epoch: 20	Loss: 0.0265
Train Epoch: 20	Loss: 0.0053
Train Epoch: 20	Loss: 0.0292
Train Epoch: 20	Loss: 0.0139
Train Epoch: 20	Loss: 0.0137
Validation accuracy: 0.99857
--- start epoch 21 ---
Train Epoch: 21	Loss: 0.0156
Train Epoch: 21	Loss: 0.0271
Train Epoch: 21	Loss: 0.0057
Train Epoch: 21	Loss: 0.0086
Train Epoch: 21	Loss: 0.0053
Train Epoch: 21	Loss: 0.0123
Train Epoch: 21	Loss: 0.0077
Validation accuracy: 0.99839
--- start epoch 22 ---
Train Epoch: 22	Loss: 0.0168
Train Epoch: 22	Loss: 0.0062
Train Epoch: 22	Loss: 0.0077
Train Epoch: 22	Loss: 0.0157
Train Epoch: 22	Loss: 0.0096
Train Epoch: 22	Loss: 0.0214
Train Epoch: 22	Loss: 0.0253
Validation accuracy: 0.99839
--- start epoch 23 ---
Train Epoch: 23	Loss: 0.0149
Train Epoch: 23	Loss: 0.0070
Train Epoch: 23	Loss: 0.0188
Train Epoch: 23	Loss: 0.0087
Train Epoch: 23	Loss: 0.0068
Train Epoch: 23	Loss: 0.0118
Train Epoch: 23	Loss: 0.0054
Validation accuracy: 0.99873
--- start epoch 24 ---
Train Epoch: 24	Loss: 0.0039
Train Epoch: 24	Loss: 0.0019
Train Epoch: 24	Loss: 0.0107
Train Epoch: 24	Loss: 0.0078
Train Epoch: 24	Loss: 0.0038
Train Epoch: 24	Loss: 0.0162
Train Epoch: 24	Loss: 0.0211
Validation accuracy: 0.99857
--- start epoch 25 ---
Train Epoch: 25	Loss: 0.0055
Train Epoch: 25	Loss: 0.0032
Train Epoch: 25	Loss: 0.0135
Train Epoch: 25	Loss: 0.0063
Train Epoch: 25	Loss: 0.0052
Train Epoch: 25	Loss: 0.0073
Train Epoch: 25	Loss: 0.0135
Validation accuracy: 0.99829
--- start epoch 26 ---
Train Epoch: 26	Loss: 0.0022
Train Epoch: 26	Loss: 0.0085
Train Epoch: 26	Loss: 0.0066
Train Epoch: 26	Loss: 0.0174
Train Epoch: 26	Loss: 0.0239
Train Epoch: 26	Loss: 0.0584
Train Epoch: 26	Loss: 0.0088
Validation accuracy: 0.99875
--- start epoch 27 ---
Train Epoch: 27	Loss: 0.0021
Train Epoch: 27	Loss: 0.0207
Train Epoch: 27	Loss: 0.0101
Train Epoch: 27	Loss: 0.0311
Train Epoch: 27	Loss: 0.0234
Train Epoch: 27	Loss: 0.0113
Train Epoch: 27	Loss: 0.0059
Validation accuracy: 0.99857
--- start epoch 28 ---
Train Epoch: 28	Loss: 0.0040
Train Epoch: 28	Loss: 0.0057
Train Epoch: 28	Loss: 0.0175
Train Epoch: 28	Loss: 0.0035
Train Epoch: 28	Loss: 0.0231
Train Epoch: 28	Loss: 0.0134
Train Epoch: 28	Loss: 0.0197
Validation accuracy: 0.99849
--- start epoch 29 ---
Train Epoch: 29	Loss: 0.0039
Train Epoch: 29	Loss: 0.0061
Train Epoch: 29	Loss: 0.0027
Train Epoch: 29	Loss: 0.0074
Train Epoch: 29	Loss: 0.0017
Train Epoch: 29	Loss: 0.0262
Train Epoch: 29	Loss: 0.0180
Validation accuracy: 0.99875
--- start epoch 30 ---
Train Epoch: 30	Loss: 0.0111
Train Epoch: 30	Loss: 0.0089
Train Epoch: 30	Loss: 0.0129
Train Epoch: 30	Loss: 0.0008
Train Epoch: 30	Loss: 0.0015
Train Epoch: 30	Loss: 0.0320
Train Epoch: 30	Loss: 0.0155
Validation accuracy: 0.99878
--- start epoch 31 ---
Train Epoch: 31	Loss: 0.0036
Train Epoch: 31	Loss: 0.0134
Train Epoch: 31	Loss: 0.0035
Train Epoch: 31	Loss: 0.0025
Train Epoch: 31	Loss: 0.0269
Train Epoch: 31	Loss: 0.0006
Train Epoch: 31	Loss: 0.0033
Validation accuracy: 0.99849
--- start epoch 32 ---
Train Epoch: 32	Loss: 0.0078
Train Epoch: 32	Loss: 0.0044
Train Epoch: 32	Loss: 0.0032
Train Epoch: 32	Loss: 0.0201
Train Epoch: 32	Loss: 0.0136
Train Epoch: 32	Loss: 0.0013
Train Epoch: 32	Loss: 0.0131
Validation accuracy: 0.99860
--- start epoch 33 ---
Train Epoch: 33	Loss: 0.0127
Train Epoch: 33	Loss: 0.0153
Train Epoch: 33	Loss: 0.0126
Train Epoch: 33	Loss: 0.0155
Train Epoch: 33	Loss: 0.0018
Train Epoch: 33	Loss: 0.0107
Train Epoch: 33	Loss: 0.0297
Validation accuracy: 0.99852
--- start epoch 34 ---
Train Epoch: 34	Loss: 0.0013
Train Epoch: 34	Loss: 0.0027
Train Epoch: 34	Loss: 0.0019
Train Epoch: 34	Loss: 0.0090
Train Epoch: 34	Loss: 0.0220
Train Epoch: 34	Loss: 0.0036
Train Epoch: 34	Loss: 0.0086
Validation accuracy: 0.99873
--- start epoch 35 ---
Train Epoch: 35	Loss: 0.0191
Train Epoch: 35	Loss: 0.0123
Train Epoch: 35	Loss: 0.0195
Train Epoch: 35	Loss: 0.0187
Train Epoch: 35	Loss: 0.0293
Train Epoch: 35	Loss: 0.0078
Train Epoch: 35	Loss: 0.0079
Validation accuracy: 0.99865
--- start epoch 36 ---
Train Epoch: 36	Loss: 0.0022
Train Epoch: 36	Loss: 0.0021
Train Epoch: 36	Loss: 0.0077
Train Epoch: 36	Loss: 0.0516
Train Epoch: 36	Loss: 0.0148
Train Epoch: 36	Loss: 0.0031
Train Epoch: 36	Loss: 0.0129
Validation accuracy: 0.99826
--- start epoch 37 ---
Train Epoch: 37	Loss: 0.0021
Train Epoch: 37	Loss: 0.0015
Train Epoch: 37	Loss: 0.0123
Train Epoch: 37	Loss: 0.0026
Train Epoch: 37	Loss: 0.0101
Train Epoch: 37	Loss: 0.0111
Train Epoch: 37	Loss: 0.0019
Validation accuracy: 0.99857
--- start epoch 38 ---
Train Epoch: 38	Loss: 0.0032
Train Epoch: 38	Loss: 0.0086
Train Epoch: 38	Loss: 0.0264
Train Epoch: 38	Loss: 0.0035
Train Epoch: 38	Loss: 0.0060
Train Epoch: 38	Loss: 0.0390
Train Epoch: 38	Loss: 0.0013
Validation accuracy: 0.99873
--- start epoch 39 ---
Train Epoch: 39	Loss: 0.0071
Train Epoch: 39	Loss: 0.0042
Train Epoch: 39	Loss: 0.0099
Train Epoch: 39	Loss: 0.0028
Train Epoch: 39	Loss: 0.0181
Train Epoch: 39	Loss: 0.0017
Train Epoch: 39	Loss: 0.0061
Validation accuracy: 0.99862
--- start epoch 40 ---
Train Epoch: 40	Loss: 0.0041
Train Epoch: 40	Loss: 0.0058
Train Epoch: 40	Loss: 0.0184
Train Epoch: 40	Loss: 0.0038
Train Epoch: 40	Loss: 0.0605
Train Epoch: 40	Loss: 0.0057
Train Epoch: 40	Loss: 0.0089
Validation accuracy: 0.99883
--- start epoch 41 ---
Train Epoch: 41	Loss: 0.0046
Train Epoch: 41	Loss: 0.0018
Train Epoch: 41	Loss: 0.0112
Train Epoch: 41	Loss: 0.0009
Train Epoch: 41	Loss: 0.0015
Train Epoch: 41	Loss: 0.0070
Train Epoch: 41	Loss: 0.0013
Validation accuracy: 0.99875
--- start epoch 42 ---
Train Epoch: 42	Loss: 0.0022
Train Epoch: 42	Loss: 0.0233
Train Epoch: 42	Loss: 0.0009
Train Epoch: 42	Loss: 0.0029
Train Epoch: 42	Loss: 0.0068
Train Epoch: 42	Loss: 0.0015
Train Epoch: 42	Loss: 0.0218
Validation accuracy: 0.99878
--- start epoch 43 ---
Train Epoch: 43	Loss: 0.0031
Train Epoch: 43	Loss: 0.0072
Train Epoch: 43	Loss: 0.0021
Train Epoch: 43	Loss: 0.0023
Train Epoch: 43	Loss: 0.0008
Train Epoch: 43	Loss: 0.0024
Train Epoch: 43	Loss: 0.0120
Validation accuracy: 0.99881
--- start epoch 44 ---
Train Epoch: 44	Loss: 0.0034
Train Epoch: 44	Loss: 0.0017
Train Epoch: 44	Loss: 0.0308
Train Epoch: 44	Loss: 0.0057
Train Epoch: 44	Loss: 0.0011
Train Epoch: 44	Loss: 0.0010
Train Epoch: 44	Loss: 0.0091
Validation accuracy: 0.99878
--- start epoch 45 ---
Train Epoch: 45	Loss: 0.0025
Train Epoch: 45	Loss: 0.0127
Train Epoch: 45	Loss: 0.0019
Train Epoch: 45	Loss: 0.0153
Train Epoch: 45	Loss: 0.0050
Train Epoch: 45	Loss: 0.0078
Train Epoch: 45	Loss: 0.0017
Validation accuracy: 0.99873
--- start epoch 46 ---
Train Epoch: 46	Loss: 0.0035
Train Epoch: 46	Loss: 0.0024
Train Epoch: 46	Loss: 0.0010
Train Epoch: 46	Loss: 0.0007
Train Epoch: 46	Loss: 0.0021
Train Epoch: 46	Loss: 0.0030
Train Epoch: 46	Loss: 0.0122
Validation accuracy: 0.99883
--- start epoch 47 ---
Train Epoch: 47	Loss: 0.0179
Train Epoch: 47	Loss: 0.0030
Train Epoch: 47	Loss: 0.0002
Train Epoch: 47	Loss: 0.0059
Train Epoch: 47	Loss: 0.0140
Train Epoch: 47	Loss: 0.0020
Train Epoch: 47	Loss: 0.0097
Validation accuracy: 0.99881
--- start epoch 48 ---
Train Epoch: 48	Loss: 0.0163
Train Epoch: 48	Loss: 0.0004
Train Epoch: 48	Loss: 0.0045
Train Epoch: 48	Loss: 0.0036
Train Epoch: 48	Loss: 0.0028
Train Epoch: 48	Loss: 0.0222
Train Epoch: 48	Loss: 0.0009
Validation accuracy: 0.99878
--- start epoch 49 ---
Train Epoch: 49	Loss: 0.0085
Train Epoch: 49	Loss: 0.0032
Train Epoch: 49	Loss: 0.0218
Train Epoch: 49	Loss: 0.0049
Train Epoch: 49	Loss: 0.0009
Train Epoch: 49	Loss: 0.0011
Train Epoch: 49	Loss: 0.0334
Validation accuracy: 0.99875
Top validation accuracy: 0.99883
Test accuracy: 0.99797
